<?xml version="1.0" encoding="UTF-8"?>
<testng-results ignored="0" total="1" passed="1" failed="0" skipped="0">
  <reporter-output>
  </reporter-output>
  <suite started-at="2024-07-14T20:05:45 EDT" name="Default suite" finished-at="2024-07-14T20:05:58 EDT" duration-ms="12886">
    <groups>
    </groups>
    <test started-at="2024-07-14T20:05:45 EDT" name="Default test" finished-at="2024-07-14T20:05:58 EDT" duration-ms="12886">
      <class name="TestNG.GgoogleVisit">
        <test-method signature="f()[pri:0, instance:TestNG.GgoogleVisit@67c33749]" started-at="2024-07-14T20:05:45 EDT" name="f" finished-at="2024-07-14T20:05:58 EDT" duration-ms="12845" status="PASS">
          <reporter-output>
          </reporter-output>
        </test-method> <!-- f -->
      </class> <!-- TestNG.GgoogleVisit -->
    </test> <!-- Default test -->
  </suite> <!-- Default suite -->
</testng-results>
